1498421100911	geckodriver	INFO	Listening on 127.0.0.1:54802
1498421102684	geckodriver::marionette	INFO	Starting browser C:\Program Files (x86)\Mozilla Firefox\firefox.exe with args ["-marionette"]
1498421110486	Marionette	INFO	Listening on port 54812
1498421111004	Marionette	WARN	TLS certificate errors will be ignored for this session
JavaScript error: https://s.cartrawler.com/ga371370.js, line 1: NS_ERROR_FAILURE: 
JavaScript error: https://s.cartrawler.com/ga371370.js, line 1: NS_ERROR_FAILURE: 
1498421597841	Marionette	INFO	Ceased listening
0.0.1:55657
1498421513249	geckodriver::marionette	INFO	Starting browser C:\Program Files (x86)\Mozilla Firefox\firefox.exe with args ["-marionette"]
1498421517608	Marionette	INFO	Listening on port 55667
1498421518474	Marionette	WARN	TLS certificate errors will be ignored for this session
1498421599685	Marionette	INFO	Ceased listening
1498421608129	geckodriver	INFO	Listening on 127.0.0.1:55907
1498421610186	geckodriver::marionette	INFO	Starting browser C:\Program Files (x86)\Mozilla Firefox\firefox.exe with args ["-marionette"]
1498421614581	Marionette	INFO	Listening on port 55917
1498421615417	Marionette	WARN	TLS certificate errors will be ignored for this session
JavaScript error: https://s.cartrawler.com/ga622263.js, line 1: NS_ERROR_FAILURE: 
JavaScript error: https://s.cartrawler.com/ga622263.js, line 1: NS_ERROR_FAILURE: 
*************************
A coding exception was thrown and uncaught in a Task.

Full message: TypeError: NetworkError when attempting to fetch resource.
Full stack: 
*************************
1498422428090	Marionette	INFO	Ceased listening
377
1498421739375	Marionette	WARN	TLS certificate errors will be ignored for this session
*************************
A coding exception was thrown and uncaught in a Task.

Full message: TypeError: NetworkError when attempting to fetch resource.
Full stack: 
*************************
1498422426790	Marionette	INFO	Ceased listening
658
1498421796742	Marionette	WARN	TLS certificate errors will be ignored for this session
JavaScript error: https://s.cartrawler.com/ga227380.js, line 1: NS_ERROR_FAILURE: 
JavaScript error: https://s.cartrawler.com/ga227380.js, line 1: NS_ERROR_FAILURE: 
JavaScript error: resource://gre/modules/commonjs/toolkit/loader.js -> resource://devtools/shared/layout/utils.js, line 36: NS_NOINTERFACE: 
*************************
A coding exception was thrown and uncaught in a Task.

Full message: TypeError: NetworkError when attempting to fetch resource.
Full stack: 
*************************
console.error: 
  Message: Error: Connection closed, pending request to server1.conn0.child1/highlighter43, type hideBoxModel failed

Request stack:
request@resource://gre/modules/commonjs/toolkit/loader.js -> resource://devtools/shared/protocol.js:1269:14
generateRequestMethods/</frontProto[name]@resource://gre/modules/commonjs/toolkit/loader.js -> resource://devtools/shared/protocol.js:1426:14
exports.getHighlighterUtils/exported.unhighlight<@resource://gre/modules/commonjs/toolkit/loader.js -> resource://devtools/client/framework/toolbox-highlighter-utils.js:285:13
_run@resource://gre/modules/commonjs/toolkit/loader.js -> resource://devtools/shared/task.js:311:39
TaskImpl@resource://gre/modules/commonjs/toolkit/loader.js -> resource://devtools/shared/task.js:273:3
asyncFunction@resource://gre/modules/commonjs/toolkit/loader.js -> resource://devtools/shared/task.js:247:14
unhighlightDomNode/<@resource://gre/modules/commonjs/toolkit/loader.js -> resource://devtools/client/webconsole/console-output.js:3244:14
process@resource://gre/modules/Promise.jsm -> resource://gre/modules/Promise-backend.js:922:23
walkerLoop@resource://gre/modules/Promise.jsm -> resource://gre/modules/Promise-backend.js:806:7
scheduleWalkerLoop/<@resource://gre/modules/Promise.jsm -> resource://gre/modules/Promise-backend.js:742:11
observe@resource://gre/modules/AsyncShutdown.jsm:550:9

  Stack:
    destroy@resource://gre/modules/commonjs/toolkit/loader.js -> resource://devtools/shared/protocol.js:1212:23
destroy@resource://gre/modules/commonjs/toolkit/loader.js -> resource://devtools/shared/protocol.js:851:9
destroy@resource://gre/modules/commonjs/toolkit/loader.js -> resource://devtools/shared/protocol.js:1214:5
destroy@resource://gre/modules/commonjs/toolkit/loader.js -> resource://devtools/shared/fronts/inspector.js:963:5
destroyInspector/this._destroyingInspector<@resource://gre/modules/commonjs/toolkit/loader.js -> resource://devtools/client/framework/toolbox.js:2202:13
_run@resource://gre/modules/commonjs/toolkit/loader.js -> resource://devtools/shared/task.js:311:39
process@resource://gre/modules/Promise.jsm -> resource://gre/modules/Promise-backend.js:922:23
walkerLoop@resource://gre/modules/Promise.jsm -> resource://gre/modules/Promise-backend.js:806:7
scheduleWalkerLoop/<@resource://gre/modules/Promise.jsm -> resource://gre/modules/Promise-backend.js:742:11
observe@resource://gre/modules/AsyncShutdown.jsm:550:9

1498422425638	Marionette	INFO	Ceased listening
